2022-05-11 08:42:47 INFO  ControllerAcountBalance:46 - Get Data Sucsess
2022-05-11 09:25:28 ERROR GmailBot:32 - Mail server connection failed; nested exception is javax.mail.MessagingException: Can't send command to SMTP host;
  nested exception is:
	javax.net.ssl.SSLHandshakeException: No appropriate protocol (protocol is disabled or cipher suites are inappropriate). Failed messages: javax.mail.MessagingException: Can't send command to SMTP host;
  nested exception is:
	javax.net.ssl.SSLHandshakeException: No appropriate protocol (protocol is disabled or cipher suites are inappropriate)
2022-05-11 09:32:08 ERROR GmailBot:31 - Failed messages: javax.mail.MessagingException: can't determine local email address
2022-05-11 09:39:44 ERROR GmailBot:33 - Failed messages: javax.mail.MessagingException: can't determine local email address
2022-05-11 09:49:16 ERROR GmailBot:33 - Failed messages: javax.mail.MessagingException: can't determine local email address
2022-05-11 09:57:10 ERROR GmailBot:33 - Failed messages: javax.mail.MessagingException: can't determine local email address
2022-05-11 09:59:06 ERROR GmailBot:33 - Failed messages: javax.mail.MessagingException: can't determine local email address
2022-05-11 10:00:08 ERROR GmailBot:33 - Mail server connection failed; nested exception is javax.mail.MessagingException: Can't send command to SMTP host;
  nested exception is:
	javax.net.ssl.SSLHandshakeException: No appropriate protocol (protocol is disabled or cipher suites are inappropriate). Failed messages: javax.mail.MessagingException: Can't send command to SMTP host;
  nested exception is:
	javax.net.ssl.SSLHandshakeException: No appropriate protocol (protocol is disabled or cipher suites are inappropriate)
2022-05-11 10:02:00 ERROR GmailBot:33 - Failed messages: javax.mail.MessagingException: can't determine local email address
2022-05-11 10:12:16 ERROR GmailBot:33 - Failed messages: javax.mail.MessagingException: can't determine local email address
2022-05-11 10:13:53 ERROR GmailBot:33 - Failed messages: javax.mail.MessagingException: can't determine local email address
2022-05-11 10:16:12 INFO  ServiceAccountBalance:37 - Serivce Get Sucsess
2022-05-11 10:16:12 INFO  TelegramBot:54 - Send Bot Telegram
2022-05-11 10:16:19 INFO  ServiceAccountBalance:37 - Serivce Get Sucsess
2022-05-11 10:16:19 INFO  TelegramBot:54 - Send Bot Telegram
2022-05-11 10:23:39 ERROR GmailBot:33 - Mail server connection failed; nested exception is javax.mail.MessagingException: Unknown SMTP host: https://mail.lienviettech.com.vn;
  nested exception is:
	java.net.UnknownHostException: https://mail.lienviettech.com.vn. Failed messages: javax.mail.MessagingException: Unknown SMTP host: https://mail.lienviettech.com.vn;
  nested exception is:
	java.net.UnknownHostException: https://mail.lienviettech.com.vn
2022-05-11 10:24:32 ERROR GmailBot:33 - Failed messages: javax.mail.MessagingException: can't determine local email address
2022-05-11 10:25:47 ERROR GmailBot:33 - Failed messages: javax.mail.MessagingException: can't determine local email address
2022-05-11 10:30:45 ERROR GmailBot:33 - Mail server connection failed; nested exception is javax.mail.MessagingException: Unknown SMTP host: smtp.mail.lienviettech.com.vn;
  nested exception is:
	java.net.UnknownHostException: smtp.mail.lienviettech.com.vn. Failed messages: javax.mail.MessagingException: Unknown SMTP host: smtp.mail.lienviettech.com.vn;
  nested exception is:
	java.net.UnknownHostException: smtp.mail.lienviettech.com.vn
2022-05-11 10:32:25 ERROR GmailBot:33 - Failed messages: com.sun.mail.smtp.SMTPSendFailedException: 553 5.1.8 Sender address rejected as spoofed.

2022-05-11 10:33:36 ERROR GmailBot:33 - Failed messages: com.sun.mail.smtp.SMTPSendFailedException: 553 5.1.8 Sender address rejected as spoofed.

2022-05-11 11:29:53 INFO  ServiceAccountBalance:53 - Create Susess
2022-05-11 13:48:00 INFO  ControllerAcountBalance:53 - Send Mail Susses
2022-05-11 13:53:27 INFO  ControllerAcountBalance:53 - Send Mail Susses
2022-05-11 13:59:29 INFO  ServiceAccountBalance:37 - Serivce Get Sucsess
2022-05-11 13:59:44 INFO  ControllerAcountBalance:53 - Send Mail Susses
2022-05-11 14:00:44 INFO  ServiceAccountBalance:37 - Serivce Get Sucsess
2022-05-11 14:00:59 INFO  ControllerAcountBalance:53 - Send Mail Susses
2022-05-11 14:30:00 INFO  ServiceAccountBalance:53 - Create Susess
2022-05-11 14:57:36 INFO  ServiceAccountBalance:37 - Serivce Get Sucsess
2022-05-11 14:57:51 INFO  ControllerAcountBalance:58 - Send Mail Susses
